<?xml version="1.0" encoding="UTF-8"?>
<!-- Generated by org.testng.reporters.JUnitReportReporter -->
<testsuite hostname="ashvinis-MacBook-Pro.local" failures="0" tests="1" name="com.qa.testcases.PlanTripPageTest" time="28.470" errors="0" timestamp="8 Nov 2019 02:16:59 GMT">
  <testcase classname="com.qa.testcases.PlanTripPageTest" name="verifyPlanTrippage" time="28.470"/>
</testsuite> <!-- com.qa.testcases.PlanTripPageTest -->
