<?xml version="1.0" encoding="UTF-8"?>
<!-- Generated by org.testng.reporters.JUnitReportReporter -->
<testsuite hostname="ashvinis-MacBook-Pro.local" failures="0" tests="1" name="com.qa.testcases.MyTripPageTest" time="12.226" errors="0" timestamp="7 Nov 2019 21:19:24 GMT">
  <testcase classname="com.qa.testcases.MyTripPageTest" name="verifyMyTrippage" time="12.226"/>
</testsuite> <!-- com.qa.testcases.MyTripPageTest -->
