<?xml version="1.0" encoding="UTF-8"?>
<!-- Generated by org.testng.reporters.JUnitReportReporter -->
<testsuite hostname="ashvinis-MacBook-Pro.local" failures="0" tests="1" name="com.qa.testcases.SignInPageTest" time="5.167" errors="0" timestamp="7 Nov 2019 21:17:52 GMT">
  <testcase classname="com.qa.testcases.SignInPageTest" name="verifySignInPage" time="5.167"/>
</testsuite> <!-- com.qa.testcases.SignInPageTest -->
