<?xml version="1.0" encoding="UTF-8"?>
<!-- Generated by org.testng.reporters.JUnitReportReporter -->
<testsuite hostname="ashvinis-MacBook-Pro.local" failures="0" tests="1" name="com.qa.testcases.HuddleSpacePageTest" time="11.051" errors="0" timestamp="7 Nov 2019 07:33:37 GMT">
  <testcase classname="com.qa.testcases.HuddleSpacePageTest" name="verifyHuddlePage" time="11.051"/>
</testsuite> <!-- com.qa.testcases.HuddleSpacePageTest -->
