<?xml version="1.0" encoding="UTF-8"?>
<!-- Generated by org.testng.reporters.JUnitReportReporter -->
<testsuite hostname="ashvinis-MacBook-Pro.local" failures="0" tests="1" name="com.qa.testcases.SignUpPageTest" time="14.929" errors="0" timestamp="7 Nov 2019 21:17:02 GMT">
  <testcase classname="com.qa.testcases.SignUpPageTest" name="verifySignUpPage" time="14.929"/>
</testsuite> <!-- com.qa.testcases.SignUpPageTest -->
