<?xml version="1.0" encoding="UTF-8"?>
<!-- Generated by org.testng.reporters.JUnitReportReporter -->
<testsuite hostname="ashvinis-MacBook-Pro.local" failures="0" tests="1" name="com.qa.testcases.HomePageTest" time="10.092" errors="0" timestamp="7 Nov 2019 22:31:22 GMT">
  <testcase classname="com.qa.testcases.HomePageTest" name="verifyHomePage" time="10.092"/>
</testsuite> <!-- com.qa.testcases.HomePageTest -->
