<?xml version="1.0" encoding="UTF-8"?>
<!-- Generated by org.testng.reporters.JUnitReportReporter -->
<testsuite hostname="ashvinis-MacBook-Pro.local" failures="0" tests="1" name="com.qa.testcases.AddTripPageTest" time="8.482" errors="0" timestamp="7 Nov 2019 23:39:15 GMT">
  <testcase classname="com.qa.testcases.AddTripPageTest" name="verifyAddTrippage" time="8.482"/>
</testsuite> <!-- com.qa.testcases.AddTripPageTest -->
